The target system is: Generic - 1 - 
The host system is: Windows - 10.0.22000 - AMD64
Compiling the C compiler identification source file "CMakeCCompilerId.c" succeeded.
Compiler: D:/Clion/CLion 2021.3.3/bin/mingw/bin/gcc.exe 
Build flags: 
Id flags:  

The output was:
0


Compilation of the C compiler identification source "CMakeCCompilerId.c" produced "a.exe"

The C compiler identification is GNU, found in "D:/DynamisGit/Timing/TVTests/ITB_Nucleo_configuration/cmake-build-debug-mingw/CMakeFiles/3.21.1/CompilerIdC/a.exe"

Compiling the CXX compiler identification source file "CMakeCXXCompilerId.cpp" succeeded.
Compiler: D:/Clion/CLion 2021.3.3/bin/mingw/bin/g++.exe 
Build flags: 
Id flags:  

The output was:
0


Compilation of the CXX compiler identification source "CMakeCXXCompilerId.cpp" produced "a.exe"

The CXX compiler identification is GNU, found in "D:/DynamisGit/Timing/TVTests/ITB_Nucleo_configuration/cmake-build-debug-mingw/CMakeFiles/3.21.1/CompilerIdCXX/a.exe"

Checking whether the ASM compiler is GNU using "--version" matched "(GNU assembler)|(GCC)|(Free Software Foundation)":
gcc.exe (GCC) 11.2.0
Copyright (C) 2021 Free Software Foundation, Inc.
This is free software; see the source for copying conditions.  There is NO
warranty; not even for MERCHANTABILITY or FITNESS FOR A PARTICULAR PURPOSE.

Determining if the C compiler works passed with the following output:
Change Dir: D:/DynamisGit/Timing/TVTests/ITB_Nucleo_configuration/cmake-build-debug-mingw/CMakeFiles/CMakeTmp

Run Build Command(s):D:/Clion/CLion 2021.3.3/bin/mingw/bin/mingw32-make.exe -f Makefile cmTC_a7813/fast && D:/Clion/CLion 2021.3.3/bin/mingw/bin/mingw32-make.exe  -f CMakeFiles\cmTC_a7813.dir\build.make CMakeFiles/cmTC_a7813.dir/build
mingw32-make[1]: Entering directory 'D:/DynamisGit/Timing/TVTests/ITB_Nucleo_configuration/cmake-build-debug-mingw/CMakeFiles/CMakeTmp'
Building C object CMakeFiles/cmTC_a7813.dir/testCCompiler.c.obj
"D:\Clion\CLion 2021.3.3\bin\mingw\bin\gcc.exe"    -o CMakeFiles\cmTC_a7813.dir\testCCompiler.c.obj -c D:\DynamisGit\Timing\TVTests\ITB_Nucleo_configuration\cmake-build-debug-mingw\CMakeFiles\CMakeTmp\testCCompiler.c
Linking C executable cmTC_a7813
"D:\Clion\CLion 2021.3.3\bin\cmake\win\bin\cmake.exe" -E cmake_link_script CMakeFiles\cmTC_a7813.dir\link.txt --verbose=1
"D:\Clion\CLion 2021.3.3\bin\mingw\bin\gcc.exe" CMakeFiles/cmTC_a7813.dir/testCCompiler.c.obj -o cmTC_a7813 
mingw32-make[1]: Leaving directory 'D:/DynamisGit/Timing/TVTests/ITB_Nucleo_configuration/cmake-build-debug-mingw/CMakeFiles/CMakeTmp'



Determining if the CXX compiler works passed with the following output:
Change Dir: D:/DynamisGit/Timing/TVTests/ITB_Nucleo_configuration/cmake-build-debug-mingw/CMakeFiles/CMakeTmp

Run Build Command(s):D:/Clion/CLion 2021.3.3/bin/mingw/bin/mingw32-make.exe -f Makefile cmTC_16d5e/fast && D:/Clion/CLion 2021.3.3/bin/mingw/bin/mingw32-make.exe  -f CMakeFiles\cmTC_16d5e.dir\build.make CMakeFiles/cmTC_16d5e.dir/build
mingw32-make[1]: Entering directory 'D:/DynamisGit/Timing/TVTests/ITB_Nucleo_configuration/cmake-build-debug-mingw/CMakeFiles/CMakeTmp'
Building CXX object CMakeFiles/cmTC_16d5e.dir/testCXXCompiler.cxx.obj
"D:\Clion\CLion 2021.3.3\bin\mingw\bin\g++.exe"    -o CMakeFiles\cmTC_16d5e.dir\testCXXCompiler.cxx.obj -c D:\DynamisGit\Timing\TVTests\ITB_Nucleo_configuration\cmake-build-debug-mingw\CMakeFiles\CMakeTmp\testCXXCompiler.cxx
Linking CXX executable cmTC_16d5e
"D:\Clion\CLion 2021.3.3\bin\cmake\win\bin\cmake.exe" -E cmake_link_script CMakeFiles\cmTC_16d5e.dir\link.txt --verbose=1
"D:\Clion\CLion 2021.3.3\bin\mingw\bin\g++.exe" CMakeFiles/cmTC_16d5e.dir/testCXXCompiler.cxx.obj -o cmTC_16d5e 
mingw32-make[1]: Leaving directory 'D:/DynamisGit/Timing/TVTests/ITB_Nucleo_configuration/cmake-build-debug-mingw/CMakeFiles/CMakeTmp'



